<?xml version="1.0" encoding="UTF-8"?>
<!-- Generated by org.testng.reporters.JUnitReportReporter -->
<testsuite skipped="0" hostname="akshay" name="com.crm.qa.testCases.ContactPageTest" tests="1" failures="0" timestamp="23 Dec 2018 03:14:44 GMT" time="24.272" errors="0">
  <testcase name="validateCreateNewContact" time="24.272" classname="com.crm.qa.testCases.ContactPageTest"/>
</testsuite> <!-- com.crm.qa.testCases.ContactPageTest -->
