<?xml version="1.0" encoding="UTF-8"?>
<!-- Generated by org.testng.reporters.JUnitReportReporter -->
<testsuite skipped="0" hostname="akshay" name="com.crm.qa.testCases.HomePageTest" tests="1" failures="0" timestamp="22 Dec 2018 01:50:52 GMT" time="24.717" errors="0">
  <testcase name="vrifyHomePageTitlePageTest" time="24.717" classname="com.crm.qa.testCases.HomePageTest"/>
</testsuite> <!-- com.crm.qa.testCases.HomePageTest -->
